# Simulated Tournament 2025-06-11 10:36:28 – 10 players
1, SimPlayer_NX86 (1444)(-25) / SimPlayer_HJ84 (715)(+25)
2, SimPlayer_FB40 (1434)(+25) / SimPlayer_KU38 (976)(-25)
3, SimPlayer_PD10 (1415)(+25) / SimPlayer_AS53 (986)(-25)
4, SimPlayer_GU28 (1290)(+25) / SimPlayer_WQ44 (988)(-25)
5, SimPlayer_LR06 (1276)(+25) / SimPlayer_EW30 (1065)(-25)
# Simulated Elim-Tournament 2025-06-11 10:44:34  – 2 players
1, SimPlayer_GM92 (1389)(-25) / SimPlayer_XB10 (1022)(+25)
# WINNER: SimPlayer_XB10  (final Elo 1047)

# Simulated Elim-Tournament 2025-06-11 10:49:38  – 10 players
1, SimPlayer_NA92 (1402)(-25) / SimPlayer_SD83 (511)(+25)
2, SimPlayer_PY81 (1358)(-25) / SimPlayer_XT13 (562)(+25)
3, SimPlayer_RY53 (1271)(-25) / SimPlayer_MB66 (617)(+25)
4, SimPlayer_LU50 (1083)(+25) / SimPlayer_KD39 (885)(-25)
5, SimPlayer_QM33 (1058)(+25) / SimPlayer_LF49 (1044)(-25)
6, SimPlayer_MB66 (642)(+0) / BYE
7, SimPlayer_SD83 (536)(-25) / SimPlayer_QM33 (1083)(+25)
8, SimPlayer_XT13 (587)(+25) / SimPlayer_LU50 (1108)(-25)
9, SimPlayer_QM33 (1108)(+0) / BYE
10, SimPlayer_MB66 (642)(-25) / SimPlayer_XT13 (612)(+25)
11, SimPlayer_QM33 (1108)(+25) / SimPlayer_XT13 (637)(-25)
# WINNER: SimPlayer_QM33  (final Elo 1133)
# Simulated Elim-Tournament 2025-06-11 11:02:33  – 5 players
1, SimPlayer_UM70 (927)(+0) / BYE
2, SimPlayer_HT08 (1139)(+25) / SimPlayer_OQ91 (518)(-25)
3, SimPlayer_YY49 (1122)(-25) / SimPlayer_LS23 (862)(+25)
4, SimPlayer_HT08 (1164)(+0) / BYE
5, SimPlayer_UM70 (927)(+25) / SimPlayer_LS23 (887)(-25)
6, SimPlayer_HT08 (1164)(+25) / SimPlayer_UM70 (952)(-25)
# WINNER: SimPlayer_HT08  (final Elo 1189)

# Test Tournament 2025-06-11 12:49:21  – 100 players
1, SimPlayer_XD39 (1500)(+25) / SimPlayer_NO28 (510)(-25)
2, SimPlayer_MD03 (1487)(+25) / SimPlayer_DR73 (514)(-25)
3, SimPlayer_RB68 (1481)(+25) / SimPlayer_HU44 (532)(-25)
4, SimPlayer_WY52 (1480)(-25) / SimPlayer_AG00 (532)(+25)
5, SimPlayer_QM15 (1479)(+25) / SimPlayer_XX44 (533)(-25)
6, SimPlayer_RR80 (1476)(+25) / SimPlayer_DP59 (534)(-25)
7, SimPlayer_GP89 (1476)(+25) / SimPlayer_SA53 (536)(-25)
8, SimPlayer_SZ92 (1447)(-25) / SimPlayer_NK26 (582)(+25)
9, SimPlayer_PI00 (1434)(+25) / SimPlayer_TS60 (595)(-25)
10, SimPlayer_NI73 (1433)(-25) / SimPlayer_HD30 (611)(+25)
11, SimPlayer_HE56 (1428)(-25) / SimPlayer_LJ73 (615)(+25)
12, SimPlayer_VX96 (1414)(-25) / SimPlayer_UK59 (624)(+25)
13, SimPlayer_VC76 (1398)(-25) / SimPlayer_VF17 (632)(+25)
14, SimPlayer_GT74 (1391)(+25) / SimPlayer_EH13 (650)(-25)
15, SimPlayer_TN26 (1379)(-25) / SimPlayer_XM11 (652)(+25)
16, SimPlayer_OC60 (1376)(+25) / SimPlayer_MK96 (666)(-25)
17, SimPlayer_CL59 (1366)(-25) / SimPlayer_NQ89 (674)(+25)
18, SimPlayer_BL20 (1352)(+25) / SimPlayer_NV92 (679)(-25)
19, SimPlayer_JY50 (1351)(+25) / SimPlayer_VF61 (683)(-25)
20, SimPlayer_UB12 (1347)(+25) / SimPlayer_GS05 (698)(-25)
21, SimPlayer_RS58 (1343)(+25) / SimPlayer_ZU13 (705)(-25)
22, SimPlayer_PK65 (1340)(-25) / SimPlayer_JU55 (716)(+25)
23, SimPlayer_IY92 (1335)(+25) / SimPlayer_LM44 (720)(-25)
24, SimPlayer_FG62 (1326)(+25) / SimPlayer_DC45 (742)(-25)
25, SimPlayer_CU95 (1324)(+25) / SimPlayer_MJ66 (753)(-25)
26, SimPlayer_SO99 (1321)(-25) / SimPlayer_IM53 (755)(+25)
27, SimPlayer_GJ26 (1315)(-25) / SimPlayer_OT70 (772)(+25)
28, SimPlayer_TP22 (1315)(-25) / SimPlayer_IP90 (788)(+25)
29, SimPlayer_HI50 (1303)(-25) / SimPlayer_SK05 (792)(+25)
30, SimPlayer_OD59 (1294)(+25) / SimPlayer_XH28 (801)(-25)
31, SimPlayer_OV97 (1290)(+25) / SimPlayer_MD26 (818)(-25)
32, SimPlayer_FZ96 (1279)(-25) / SimPlayer_QM50 (818)(+25)
33, SimPlayer_TN07 (1277)(+25) / SimPlayer_QE88 (829)(-25)
34, SimPlayer_KA02 (1257)(-25) / SimPlayer_GP64 (847)(+25)
35, SimPlayer_YC58 (1244)(-25) / SimPlayer_KU26 (856)(+25)
36, SimPlayer_QM93 (1243)(-25) / SimPlayer_SL69 (871)(+25)
37, SimPlayer_TB20 (1207)(+25) / SimPlayer_FV11 (889)(-25)
38, SimPlayer_CU53 (1205)(-25) / SimPlayer_ZG03 (892)(+25)
39, SimPlayer_GW63 (1203)(+25) / SimPlayer_ZJ50 (894)(-25)
40, SimPlayer_HI13 (1203)(+25) / SimPlayer_CO44 (910)(-25)
41, SimPlayer_EZ32 (1171)(-25) / SimPlayer_HY42 (912)(+25)
42, SimPlayer_EE51 (1155)(+25) / SimPlayer_QQ96 (964)(-25)
43, SimPlayer_FC52 (1153)(+25) / SimPlayer_TL21 (966)(-25)
44, SimPlayer_ML81 (1134)(+25) / SimPlayer_ST93 (970)(-25)
45, SimPlayer_UQ94 (1126)(+25) / SimPlayer_KQ80 (977)(-25)
46, SimPlayer_EX11 (1123)(-25) / SimPlayer_IR69 (1001)(+25)
47, SimPlayer_VP61 (1121)(+25) / SimPlayer_OV57 (1021)(-25)
48, SimPlayer_OD01 (1115)(+25) / SimPlayer_YB75 (1028)(-25)
49, SimPlayer_VR83 (1103)(+25) / SimPlayer_AN82 (1049)(-25)
50, SimPlayer_CI16 (1075)(-25) / SimPlayer_TE21 (1074)(+25)
51, SimPlayer_XD39 (1525)(+25) / SimPlayer_TE21 (1099)(-25)
52, SimPlayer_MD03 (1512)(-25) / SimPlayer_VR83 (1128)(+25)
53, SimPlayer_RB68 (1506)(-25) / SimPlayer_OD01 (1140)(+25)
54, SimPlayer_AG00 (557)(-25) / SimPlayer_VP61 (1146)(+25)
55, SimPlayer_QM15 (1504)(+25) / SimPlayer_IR69 (1026)(-25)
56, SimPlayer_RR80 (1501)(-25) / SimPlayer_UQ94 (1151)(+25)
57, SimPlayer_GP89 (1501)(+25) / SimPlayer_ML81 (1159)(-25)
58, SimPlayer_NK26 (607)(-25) / SimPlayer_FC52 (1178)(+25)
59, SimPlayer_PI00 (1459)(+25) / SimPlayer_EE51 (1180)(-25)
60, SimPlayer_HD30 (636)(+25) / SimPlayer_HY42 (937)(-25)
61, SimPlayer_LJ73 (640)(-25) / SimPlayer_HI13 (1228)(+25)
62, SimPlayer_UK59 (649)(+25) / SimPlayer_GW63 (1228)(-25)
63, SimPlayer_VF17 (657)(-25) / SimPlayer_ZG03 (917)(+25)
64, SimPlayer_GT74 (1416)(-25) / SimPlayer_TB20 (1232)(+25)
65, SimPlayer_XM11 (677)(+25) / SimPlayer_SL69 (896)(-25)
66, SimPlayer_OC60 (1401)(+25) / SimPlayer_KU26 (881)(-25)
67, SimPlayer_NQ89 (699)(+25) / SimPlayer_GP64 (872)(-25)
68, SimPlayer_BL20 (1377)(+25) / SimPlayer_TN07 (1302)(-25)
69, SimPlayer_JY50 (1376)(-25) / SimPlayer_QM50 (843)(+25)
70, SimPlayer_UB12 (1372)(-25) / SimPlayer_OV97 (1315)(+25)
71, SimPlayer_RS58 (1368)(-25) / SimPlayer_OD59 (1319)(+25)
72, SimPlayer_JU55 (741)(+25) / SimPlayer_SK05 (817)(-25)
73, SimPlayer_IY92 (1360)(-25) / SimPlayer_IP90 (813)(+25)
74, SimPlayer_FG62 (1351)(-25) / SimPlayer_OT70 (797)(+25)
75, SimPlayer_CU95 (1349)(-25) / SimPlayer_IM53 (780)(+25)
76, SimPlayer_ZG03 (942)(+0) / BYE
77, SimPlayer_XD39 (1550)(+25) / SimPlayer_IM53 (805)(-25)
78, SimPlayer_VR83 (1153)(-25) / SimPlayer_OT70 (822)(+25)
79, SimPlayer_OD01 (1165)(+25) / SimPlayer_IP90 (838)(-25)
80, SimPlayer_VP61 (1171)(+25) / SimPlayer_JU55 (766)(-25)
81, SimPlayer_QM15 (1529)(-25) / SimPlayer_OD59 (1344)(+25)
82, SimPlayer_UQ94 (1176)(+25) / SimPlayer_OV97 (1340)(-25)
83, SimPlayer_GP89 (1526)(+25) / SimPlayer_QM50 (868)(-25)
84, SimPlayer_FC52 (1203)(+25) / SimPlayer_BL20 (1402)(-25)
85, SimPlayer_PI00 (1484)(+25) / SimPlayer_NQ89 (724)(-25)
86, SimPlayer_HD30 (661)(-25) / SimPlayer_OC60 (1426)(+25)
87, SimPlayer_HI13 (1253)(+25) / SimPlayer_XM11 (702)(-25)
88, SimPlayer_UK59 (674)(-25) / SimPlayer_TB20 (1257)(+25)
89, SimPlayer_UQ94 (1201)(+0) / BYE
90, SimPlayer_ZG03 (942)(+25) / SimPlayer_TB20 (1282)(-25)
91, SimPlayer_XD39 (1575)(+25) / SimPlayer_HI13 (1278)(-25)
92, SimPlayer_OT70 (847)(+25) / SimPlayer_OC60 (1451)(-25)
93, SimPlayer_OD01 (1190)(-25) / SimPlayer_PI00 (1509)(+25)
94, SimPlayer_VP61 (1196)(-25) / SimPlayer_FC52 (1228)(+25)
95, SimPlayer_OD59 (1369)(+25) / SimPlayer_GP89 (1551)(-25)
96, SimPlayer_OT70 (872)(+0) / BYE
97, SimPlayer_UQ94 (1201)(-25) / SimPlayer_OD59 (1394)(+25)
98, SimPlayer_ZG03 (967)(-25) / SimPlayer_FC52 (1253)(+25)
99, SimPlayer_XD39 (1600)(+25) / SimPlayer_PI00 (1534)(-25)
100, SimPlayer_OT70 (872)(-25) / SimPlayer_XD39 (1625)(+25)
101, SimPlayer_OD59 (1419)(-25) / SimPlayer_FC52 (1278)(+25)
102, SimPlayer_XD39 (1650)(+25) / SimPlayer_FC52 (1303)(-25)
# WINNER: SimPlayer_XD39  (final Elo 1675)

